<?xml version="1.0" encoding="UTF-8"?>
<!-- Generated by org.testng.reporters.JUnitReportReporter -->
<testsuite hostname="LAPTOP-UG2288AI" failures="0" tests="7" name="runner.TestRunner" time="171.610" errors="0" timestamp="2025-09-08T00:22:57 IST" skipped="0">
  <testcase classname="runner.TestRunner" name="runScenario" time="28.272"/>
  <system-out/>
  <testcase classname="runner.TestRunner" name="runScenario" time="35.427"/>
  <system-out/>
  <testcase classname="runner.TestRunner" name="runScenario" time="35.536"/>
  <system-out/>
  <testcase classname="runner.TestRunner" name="runScenario" time="10.080"/>
  <system-out/>
  <testcase classname="runner.TestRunner" name="runScenario" time="6.815"/>
  <system-out/>
  <testcase classname="runner.TestRunner" name="runScenario" time="48.107"/>
  <system-out/>
  <testcase classname="runner.TestRunner" name="runScenario" time="7.373"/>
  <system-out/>
</testsuite> <!-- runner.TestRunner -->
